TN:
SF:src/fetchRepos.ts
FN:10,validateInput
FN:25,(anonymous_1)
FN:71,(anonymous_2)
FNF:3
FNH:3
FNDA:29,validateInput
FNDA:29,(anonymous_1)
FNDA:9,(anonymous_2)
DA:1,1
DA:3,1
DA:11,29
DA:12,2
DA:25,1
DA:33,29
DA:34,27
DA:62,27
DA:64,27
DA:65,27
DA:67,9
DA:68,2
DA:70,7
DA:71,9
DA:77,7
DA:79,7
DA:82,7
DA:83,7
DA:84,1
DA:85,1
DA:90,7
DA:92,1
DA:93,1
DA:102,6
DA:105,20
DA:106,20
DA:107,20
DA:110,20
DA:111,20
DA:115,20
DA:116,13
DA:117,13
DA:122,13
DA:123,2
DA:126,2
DA:129,11
DA:130,11
DA:135,11
DA:137,11
DA:139,7
DA:140,2
DA:141,2
DA:142,5
DA:143,4
DA:144,4
DA:145,1
DA:147,1
DA:148,1
DA:149,1
DA:154,1
DA:155,1
DA:157,0
DA:158,0
DA:163,0
DA:164,0
LF:55
LH:51
BRDA:11,0,0,2
BRDA:11,1,0,29
BRDA:11,1,1,28
BRDA:28,2,0,16
BRDA:29,3,0,16
BRDA:30,4,0,16
BRDA:67,5,0,2
BRDA:73,6,0,9
BRDA:73,6,1,1
BRDA:83,7,0,1
BRDA:90,8,0,1
BRDA:96,9,0,1
BRDA:96,9,1,0
BRDA:110,10,0,20
BRDA:110,11,0,20
BRDA:110,11,1,20
BRDA:115,12,0,13
BRDA:115,12,1,7
BRDA:117,13,0,13
BRDA:118,14,0,13
BRDA:118,14,1,0
BRDA:122,15,0,2
BRDA:139,16,0,2
BRDA:139,16,1,5
BRDA:142,17,0,4
BRDA:142,17,1,1
BRDA:145,18,0,1
BRDA:147,19,0,1
BRDA:147,19,1,0
BRDA:164,20,0,0
BRDA:164,20,1,0
BRF:31
BRH:26
end_of_record
TN:
SF:src/index.ts
FN:18,validateInputs
FN:38,(anonymous_2)
FNF:2
FNH:0
FNDA:0,validateInputs
FNDA:0,(anonymous_2)
DA:1,0
DA:2,0
DA:3,0
DA:4,0
DA:5,0
DA:6,0
DA:7,0
DA:8,0
DA:9,0
DA:11,0
DA:19,0
DA:21,0
DA:22,0
DA:23,0
DA:29,0
DA:30,0
DA:31,0
DA:38,0
DA:39,0
DA:41,0
DA:49,0
DA:51,0
DA:54,0
DA:55,0
DA:57,0
DA:60,0
DA:61,0
DA:64,0
DA:65,0
DA:67,0
DA:68,0
DA:70,0
DA:73,0
DA:74,0
DA:75,0
DA:76,0
DA:78,0
DA:84,0
LF:38
LH:0
BRDA:22,0,0,0
BRDA:22,1,0,0
BRDA:22,1,1,0
BRDA:30,2,0,0
BRDA:73,3,0,0
BRDA:73,3,1,0
BRDA:75,4,0,0
BRDA:75,4,1,0
BRF:8
BRH:0
end_of_record
TN:
SF:src/renderToMd.ts
FN:29,(anonymous_1)
FN:37,(anonymous_2)
FN:45,(anonymous_3)
FN:48,(anonymous_4)
FN:55,(anonymous_5)
FN:66,(anonymous_6)
FN:67,(anonymous_7)
FN:90,(anonymous_8)
FN:97,(anonymous_9)
FNF:9
FNH:9
FNDA:14,(anonymous_1)
FNDA:9,(anonymous_2)
FNDA:20,(anonymous_3)
FNDA:9,(anonymous_4)
FNDA:14,(anonymous_5)
FNDA:44,(anonymous_6)
FNDA:8,(anonymous_7)
FNDA:14,(anonymous_8)
FNDA:20,(anonymous_9)
DA:1,1
DA:2,1
DA:17,1
DA:29,14
DA:37,1
DA:38,9
DA:41,9
DA:42,9
DA:45,20
DA:48,9
DA:49,9
DA:55,9
DA:57,14
DA:58,14
DA:59,14
DA:62,14
DA:65,14
DA:66,44
DA:67,8
DA:69,14
DA:77,9
DA:83,9
DA:84,9
DA:89,9
DA:92,14
DA:96,14
DA:98,20
DA:101,20
DA:106,14
DA:111,9
DA:113,9
LF:31
LH:31
BRDA:49,0,0,6
BRDA:49,0,1,3
BRDA:58,1,0,14
BRDA:58,1,1,14
BRDA:62,2,0,14
BRDA:62,2,1,0
BRDA:67,3,0,6
BRDA:67,3,1,2
BRDA:98,4,0,16
BRDA:98,4,1,4
BRDA:99,5,0,16
BRDA:99,5,1,0
BRF:12
BRH:10
end_of_record
TN:
SF:src/utils.ts
FN:8,formatDate
FN:21,(anonymous_2)
FN:21,(anonymous_3)
FN:28,(anonymous_4)
FN:48,(anonymous_5)
FNF:5
FNH:5
FNDA:13,formatDate
FNDA:2,(anonymous_2)
FNDA:2,(anonymous_3)
FNDA:19,(anonymous_4)
FNDA:12,(anonymous_5)
DA:1,2
DA:8,2
DA:9,13
DA:10,13
DA:11,1
DA:13,12
DA:21,2
DA:28,2
DA:29,19
DA:30,19
DA:36,2
DA:45,2
DA:49,12
DA:50,12
DA:51,12
LF:15
LH:15
BRDA:10,0,0,1
BRF:1
BRH:1
end_of_record
